<?xml version="1.0" encoding="UTF-8"?>
<!-- Generated by org.testng.reporters.JUnitXMLReporter -->
<testsuite hostname="AJAY-PC" ignored="0" name="Test1" tests="4" failures="0" timestamp="24 Jun 2020 05:54:12 GMT" time="68.369" errors="0">
  <testcase name="validateLoginPage" time="6.391" classname="TestCases.TestSuite1"/>
  <testcase name="validateSearchResultInSearchPage" time="15.905" classname="TestCases.TestSuite1"/>
  <testcase name="addToCart" time="24.023" classname="TestCases.TestSuite1"/>
  <testcase name="testScreenRotation" time="0.262" classname="TestCases.TestSuite1"/>
</testsuite> <!-- Test1 -->
